<?xml version="1.0" encoding="UTF-8"?>
<!-- Generated by org.testng.reporters.JUnitXMLReporter -->
<testsuite hostname="PC-okko" name="Default test" tests="3" failures="0" timestamp="12 May 2015 14:46:20 GMT" time="0.03" errors="0">
  <testcase name="test_coffe" time="0.01" classname="tests.SnackMachineTest"/>
  <testcase name="parameters_test" time="0.0" classname="tests.SnackMachineTest"/>
  <testcase name="test_toast" time="0.0" classname="tests.SnackMachineTest"/>
</testsuite> <!-- Default test -->
